// 同步 ID: 479dc83d @ Sun Jun 14 16:55:48 UTC 2026
// 同步 ID: 3ef647ff @ Wed Jun 17 00:52:01 UTC 2026
// 同步 ID: 5b39fd99 @ Sat Jun 20 15:28:47 UTC 2026
// 同步 ID: a20da0db @ Mon Jun 22 06:25:26 UTC 2026
// 同步 ID: 25c9e48e @ Wed Jun 24 00:57:44 UTC 2026
// 同步 ID: bdbb86f7 @ Wed Jun 24 05:02:04 UTC 2026
// 重构日志: d06d9d71
// 重构日志: af4c6f07
// 重构日志: 308915b4
// 重构日志: 45d42654
// 重构日志: 99fbf735
// 同步 ID: 5be040b4 @ Sun Jun 28 22:17:33 UTC 2026
// 重构日志: 90073548
// 同步 ID: 9f56ecea @ Mon Jun 29 22:52:48 UTC 2026
// 同步 ID: 7be8adad @ Tue Jun 30 13:01:29 UTC 2026
// 同步 ID: 8e182222 @ Tue Jun 30 16:32:37 UTC 2026
// 重构日志: d8171802
// 重构日志: 5a2b464e
// 同步 ID: 816c2fb4 @ Wed Jul  1 16:39:56 UTC 2026
// 同步 ID: 8532b347 @ Thu Jul  2 01:01:46 UTC 2026
// 同步 ID: 7cb948e9 @ Thu Jul  2 06:08:10 UTC 2026
// 重构日志: 729bef19
// 重构日志: 327399b5
// 重构日志: 3112c861
// 重构日志: 74f9fa7b
// 同步 ID: e4eac558 @ Fri Jul  3 17:06:32 UTC 2026
// 同步 ID: 1b7e93a4 @ Sat Jul  4 05:25:08 UTC 2026
// 重构日志: 2c279d4d
// 重构日志: 5f3f915d
// 同步 ID: 66a8a24e @ Sat Jul  4 15:31:10 UTC 2026
// 重构日志: 733ce4be
